This file contains any messages produced by compilers while
running configure, to aid debugging if configure makes a mistake.

It was created by GNU Automake configure 1.14.1, which was
generated by GNU Autoconf 2.69.  Invocation command line was

  $ ./configure --prefix=/data/home/wangli/sled/.bin/automake

## --------- ##
## Platform. ##
## --------- ##

hostname = dev1.fund
uname -m = x86_64
uname -r = 3.10.0-327.22.2.el7.x86_64
uname -s = Linux
uname -v = #1 SMP Thu Jun 23 17:05:11 UTC 2016

/usr/bin/uname -p = x86_64
/bin/uname -X     = unknown

/bin/arch              = x86_64
/usr/bin/arch -k       = unknown
/usr/convex/getsysinfo = unknown
/usr/bin/hostinfo      = unknown
/bin/machine           = unknown
/usr/bin/oslevel       = unknown
/bin/universe          = unknown

PATH: /data/home/wangli/go/bin
PATH: /usr/local/bin
PATH: /usr/bin
PATH: /usr/local/sbin
PATH: /usr/sbin
PATH: /public/scripts/bin
PATH: /usr/local/apache-maven-3.3.9/bin
PATH: /usr/local/soldier/route_agent/bin
PATH: /data/home/wangli/.local/bin
PATH: /data/home/wangli/bin
PATH: /data/home/wangli/apache-ant-1.10.0/bin


## ----------- ##
## Core tests. ##
## ----------- ##

configure:2031: checking whether make supports nested variables
configure:2048: result: yes
configure:2064: checking build system type
configure:2078: result: x86_64-unknown-linux-gnu
configure:2098: checking host system type
configure:2111: result: x86_64-unknown-linux-gnu
configure:2164: checking for a BSD-compatible install
configure:2232: result: /usr/bin/install -c
configure:2243: checking whether build environment is sane
configure:2298: result: yes
configure:2449: checking for a thread-safe mkdir -p
configure:2488: result: /usr/bin/mkdir -p
configure:2495: checking for gawk
configure:2511: found /usr/bin/gawk
configure:2522: result: gawk
configure:2533: checking whether make sets $(MAKE)
configure:2555: result: yes
configure:2712: checking whether ln -s works
configure:2716: result: yes
configure:2726: checking for perl
configure:2744: found /usr/bin/perl
configure:2756: result: /usr/bin/perl
configure:2768: /usr/bin/perl --version

This is perl 5, version 16, subversion 3 (v5.16.3) built for x86_64-linux-thread-multi
(with 34 registered patches, see perl -V for more detail)

Copyright 1987-2012, Larry Wall

Perl may be copied only under the terms of either the Artistic License or the
GNU General Public License, which may be found in the Perl 5 source kit.

Complete documentation for Perl, including FAQ lists, should be found on
this system using "man perl" or "perldoc perl".  If you have access to the
Internet, point your browser at http://www.perl.org/, the Perl Home Page.

configure:2771: $? = 0
configure:2783: checking for tex
configure:2813: result: no
configure:2821:  --version </dev/null
./configure: line 2822: --version: command not found
configure:2824: $? = 127
configure:2842: checking for yacc
configure:2858: found /usr/bin/yacc
configure:2869: result: yacc
configure:2885: checking for lex
configure:2901: found /usr/bin/lex
configure:2912: result: lex
configure:2933: checking whether autoconf is installed
configure:2938: autoconf --version
autoconf (GNU Autoconf) 2.69
Copyright (C) 2012 Free Software Foundation, Inc.
License GPLv3+/Autoconf: GNU GPL version 3 or later
<http://gnu.org/licenses/gpl.html>, <http://gnu.org/licenses/exceptions.html>
This is free software: you are free to change and redistribute it.
There is NO WARRANTY, to the extent permitted by law.

Written by David J. MacKenzie and Akim Demaille.
configure:2941: $? = 0
configure:2949: result: yes
configure:2956: checking whether autoconf works
configure:2963: cd conftest && autoconf -o /dev/null conftest.ac
configure:2966: $? = 0
configure:2975: result: yes
configure:2982: checking whether autoconf is recent enough
configure:2989: cd conftest && autoconf -o /dev/null conftest.ac
configure:2992: $? = 0
configure:3001: result: yes
configure:3008: checking whether ln works
configure:3028: result: yes
configure:3046: checking for grep that handles long lines and -e
configure:3104: result: /usr/bin/grep
configure:3109: checking for egrep
configure:3171: result: /usr/bin/grep -E
configure:3176: checking for fgrep
configure:3238: result: /usr/bin/grep -F
configure:3281: will now look for a sturdy POSIX shell, for our testsuite
configure:3317: checking for sh
configure:3335: found /usr/bin/sh
configure:3347: result: /usr/bin/sh
configure:3317: checking for sh5
configure:3350: result: no
configure:3317: checking for dash
configure:3350: result: no
configure:3317: checking for ash
configure:3350: result: no
configure:3317: checking for bash
configure:3335: found /usr/bin/bash
configure:3347: result: /usr/bin/bash
configure:3317: checking for zsh
configure:3350: result: no
configure:3317: checking for ksh
configure:3350: result: no
configure:3317: checking for pdksh
configure:3350: result: no
configure:3371: checking whether /usr/bin/sh supports $(cmd)
configure:3381: result: yes
configure:3391: checking whether /usr/bin/sh supports $((expr))
configure:3401: result: yes
configure:3411: checking whether /usr/bin/sh supports ${#var}
configure:3424: result: yes
configure:3434: checking whether /usr/bin/sh supports ${var#glob} and ${var%glob}
configure:3448: result: yes
configure:3458: checking whether /usr/bin/sh preserves exit traps with "set -e"
configure:3468: result: yes
configure:3478: checking whether /usr/bin/sh can define exit traps in a shell function
configure:3488: result: yes
configure:3498: checking whether /usr/bin/sh corrupts stderr with "set -x"
configure:3512: result: no
configure:3520: checking whether /usr/bin/sh can return early from "dot-sourced" files
configure:3530: result: yes
configure:3542: checking whether /usr/bin/sh supports alias named like shell builtins

configure:3552: result: yes
configure:3562: checking whether /usr/bin/sh supports "test -e"
configure:3572: result: yes
configure:3590: shell /usr/bin/sh is good enough, stop looking
configure:3607: will use /usr/bin/sh as the testsuite shell
configure:3631: will now look for generic compilers
configure:3694: checking for cc
configure:3710: found /usr/bin/cc
configure:3721: result: cc
configure:3754: checking for C compiler version
configure:3763: cc --version >&5
cc (GCC) 4.8.5 20150623 (Red Hat 4.8.5-11)
Copyright (C) 2015 Free Software Foundation, Inc.
This is free software; see the source for copying conditions.  There is NO
warranty; not even for MERCHANTABILITY or FITNESS FOR A PARTICULAR PURPOSE.

configure:3774: $? = 0
configure:3763: cc -v >&5
Using built-in specs.
COLLECT_GCC=cc
COLLECT_LTO_WRAPPER=/usr/libexec/gcc/x86_64-redhat-linux/4.8.5/lto-wrapper
Target: x86_64-redhat-linux
Configured with: ../configure --prefix=/usr --mandir=/usr/share/man --infodir=/usr/share/info --with-bugurl=http://bugzilla.redhat.com/bugzilla --enable-bootstrap --enable-shared --enable-threads=posix --enable-checking=release --with-system-zlib --enable-__cxa_atexit --disable-libunwind-exceptions --enable-gnu-unique-object --enable-linker-build-id --with-linker-hash-style=gnu --enable-languages=c,c++,objc,obj-c++,java,fortran,ada,go,lto --enable-plugin --enable-initfini-array --disable-libgcj --with-isl=/builddir/build/BUILD/gcc-4.8.5-20150702/obj-x86_64-redhat-linux/isl-install --with-cloog=/builddir/build/BUILD/gcc-4.8.5-20150702/obj-x86_64-redhat-linux/cloog-install --enable-gnu-indirect-function --with-tune=generic --with-arch_32=x86-64 --build=x86_64-redhat-linux
Thread model: posix
gcc version 4.8.5 20150623 (Red Hat 4.8.5-11) (GCC) 
configure:3774: $? = 0
configure:3763: cc -V >&5
cc: error: unrecognized command line option '-V'
cc: fatal error: no input files
compilation terminated.
configure:3774: $? = 4
configure:3763: cc -qversion >&5
cc: error: unrecognized command line option '-qversion'
cc: fatal error: no input files
compilation terminated.
configure:3774: $? = 4
configure:3794: checking whether the C compiler works
configure:3816: cc    conftest.c  >&5
configure:3820: $? = 0
configure:3870: result: yes
configure:3873: checking for C compiler default output file name
configure:3875: result: a.out
configure:3881: checking for suffix of executables
configure:3888: cc -o conftest    conftest.c  >&5
configure:3892: $? = 0
configure:3916: result: 
configure:3938: checking whether we are cross compiling
configure:3946: cc -o conftest    conftest.c  >&5
configure:3950: $? = 0
configure:3957: ./conftest
configure:3961: $? = 0
configure:3979: result: no
configure:3984: checking for suffix of object files
configure:4006: cc -c   conftest.c >&5
configure:4010: $? = 0
configure:4033: result: o
configure:4037: checking whether we are using the GNU C compiler
configure:4056: cc -c   conftest.c >&5
configure:4056: $? = 0
configure:4065: result: yes
configure:4074: checking whether cc accepts -g
configure:4094: cc -c -g  conftest.c >&5
configure:4094: $? = 0
configure:4135: result: yes
configure:4152: checking for cc option to accept ISO C89
configure:4215: cc  -c -g -O2  conftest.c >&5
configure:4215: $? = 0
configure:4228: result: none needed
configure:4253: checking whether cc understands -c and -o together
configure:4275: cc -c conftest.c -o conftest2.o
configure:4278: $? = 0
configure:4275: cc -c conftest.c -o conftest2.o
configure:4278: $? = 0
configure:4290: result: yes
configure:4412: checking for aCC
configure:4442: result: no
configure:4412: checking for CC
configure:4442: result: no
configure:4412: checking for FCC
configure:4442: result: no
configure:4412: checking for KCC
configure:4442: result: no
configure:4412: checking for RCC
configure:4442: result: no
configure:4412: checking for xlC_r
configure:4442: result: no
configure:4412: checking for xlC
configure:4442: result: no
configure:4412: checking for c++
configure:4428: found /usr/bin/c++
configure:4439: result: c++
configure:4466: checking for C++ compiler version
configure:4475: c++ --version >&5
c++ (GCC) 4.8.5 20150623 (Red Hat 4.8.5-11)
Copyright (C) 2015 Free Software Foundation, Inc.
This is free software; see the source for copying conditions.  There is NO
warranty; not even for MERCHANTABILITY or FITNESS FOR A PARTICULAR PURPOSE.

configure:4486: $? = 0
configure:4475: c++ -v >&5
Using built-in specs.
COLLECT_GCC=c++
COLLECT_LTO_WRAPPER=/usr/libexec/gcc/x86_64-redhat-linux/4.8.5/lto-wrapper
Target: x86_64-redhat-linux
Configured with: ../configure --prefix=/usr --mandir=/usr/share/man --infodir=/usr/share/info --with-bugurl=http://bugzilla.redhat.com/bugzilla --enable-bootstrap --enable-shared --enable-threads=posix --enable-checking=release --with-system-zlib --enable-__cxa_atexit --disable-libunwind-exceptions --enable-gnu-unique-object --enable-linker-build-id --with-linker-hash-style=gnu --enable-languages=c,c++,objc,obj-c++,java,fortran,ada,go,lto --enable-plugin --enable-initfini-array --disable-libgcj --with-isl=/builddir/build/BUILD/gcc-4.8.5-20150702/obj-x86_64-redhat-linux/isl-install --with-cloog=/builddir/build/BUILD/gcc-4.8.5-20150702/obj-x86_64-redhat-linux/cloog-install --enable-gnu-indirect-function --with-tune=generic --with-arch_32=x86-64 --build=x86_64-redhat-linux
Thread model: posix
gcc version 4.8.5 20150623 (Red Hat 4.8.5-11) (GCC) 
configure:4486: $? = 0
configure:4475: c++ -V >&5
c++: error: unrecognized command line option '-V'
c++: fatal error: no input files
compilation terminated.
configure:4486: $? = 4
configure:4475: c++ -qversion >&5
c++: error: unrecognized command line option '-qversion'
c++: fatal error: no input files
compilation terminated.
configure:4486: $? = 4
configure:4506: checking whether the C++ compiler works
configure:4528: c++    conftest.cpp  >&5
configure:4532: $? = 0
configure:4582: result: yes
configure:4585: checking for C++ compiler default output file name
configure:4587: result: a.out
configure:4593: checking for suffix of executables
configure:4600: c++ -o conftest    conftest.cpp  >&5
configure:4604: $? = 0
configure:4628: result: 
configure:4650: checking whether we are cross compiling
configure:4658: c++ -o conftest    conftest.cpp  >&5
configure:4662: $? = 0
configure:4669: ./conftest
configure:4673: $? = 0
configure:4691: result: no
configure:4696: checking for suffix of object files
configure:4718: c++ -c   conftest.cpp >&5
configure:4722: $? = 0
configure:4745: result: o
configure:4749: checking whether we are using the GNU C++ compiler
configure:4768: c++ -c   conftest.cpp >&5
configure:4768: $? = 0
configure:4777: result: yes
configure:4786: checking whether c++ accepts -g
configure:4806: c++ -c -g  conftest.cpp >&5
configure:4806: $? = 0
configure:4847: result: yes
configure:4958: checking for xlf95
configure:4988: result: no
configure:4958: checking for f95
configure:4974: found /usr/bin/f95
configure:4985: result: f95
configure:5011: checking for Fortran compiler version
configure:5020: f95 --version >&5
GNU Fortran (GCC) 4.8.5 20150623 (Red Hat 4.8.5-11)
Copyright (C) 2015 Free Software Foundation, Inc.

GNU Fortran comes with NO WARRANTY, to the extent permitted by law.
You may redistribute copies of GNU Fortran
under the terms of the GNU General Public License.
For more information about these matters, see the file named COPYING

configure:5031: $? = 0
configure:5020: f95 -v >&5
Using built-in specs.
COLLECT_GCC=f95
COLLECT_LTO_WRAPPER=/usr/libexec/gcc/x86_64-redhat-linux/4.8.5/lto-wrapper
Target: x86_64-redhat-linux
Configured with: ../configure --prefix=/usr --mandir=/usr/share/man --infodir=/usr/share/info --with-bugurl=http://bugzilla.redhat.com/bugzilla --enable-bootstrap --enable-shared --enable-threads=posix --enable-checking=release --with-system-zlib --enable-__cxa_atexit --disable-libunwind-exceptions --enable-gnu-unique-object --enable-linker-build-id --with-linker-hash-style=gnu --enable-languages=c,c++,objc,obj-c++,java,fortran,ada,go,lto --enable-plugin --enable-initfini-array --disable-libgcj --with-isl=/builddir/build/BUILD/gcc-4.8.5-20150702/obj-x86_64-redhat-linux/isl-install --with-cloog=/builddir/build/BUILD/gcc-4.8.5-20150702/obj-x86_64-redhat-linux/cloog-install --enable-gnu-indirect-function --with-tune=generic --with-arch_32=x86-64 --build=x86_64-redhat-linux
Thread model: posix
gcc version 4.8.5 20150623 (Red Hat 4.8.5-11) (GCC) 
configure:5031: $? = 0
configure:5020: f95 -V >&5
f95: error: unrecognized command line option '-V'
f95: fatal error: no input files
compilation terminated.
configure:5031: $? = 4
configure:5020: f95 -qversion >&5
f95: error: unrecognized command line option '-qversion'
f95: fatal error: no input files
compilation terminated.
configure:5031: $? = 4
configure:5046: checking whether the Fortran compiler works
configure:5068: f95    conftest.f  >&5
configure:5072: $? = 0
configure:5122: result: yes
configure:5125: checking for Fortran compiler default output file name
configure:5127: result: a.out
configure:5133: checking for suffix of executables
configure:5140: f95 -o conftest    conftest.f  >&5
configure:5144: $? = 0
configure:5168: result: 
configure:5184: checking whether we are cross compiling
configure:5192: f95 -o conftest    conftest.f  >&5
configure:5196: $? = 0
configure:5203: ./conftest
configure:5207: $? = 0
configure:5225: result: no
configure:5230: checking for suffix of object files
configure:5246: f95 -c   conftest.f >&5
configure:5250: $? = 0
configure:5273: result: o
configure:5281: checking whether we are using the GNU Fortran compiler
configure:5294: f95 -c   conftest.F >&5
configure:5294: $? = 0
configure:5303: result: yes
configure:5309: checking whether f95 accepts -g
configure:5320: f95 -c -g  conftest.f >&5
configure:5320: $? = 0
configure:5328: result: yes
configure:5440: checking for xlf
configure:5470: result: no
configure:5440: checking for f77
configure:5470: result: no
configure:5440: checking for frt
configure:5470: result: no
configure:5440: checking for pgf77
configure:5470: result: no
configure:5440: checking for cf77
configure:5470: result: no
configure:5440: checking for fort77
configure:5470: result: no
configure:5440: checking for fl32
configure:5470: result: no
configure:5440: checking for af77
configure:5470: result: no
configure:5440: checking for g77
configure:5470: result: no
configure:5440: checking for gfortran
configure:5456: found /usr/bin/gfortran
configure:5467: result: gfortran
configure:5493: checking for Fortran 77 compiler version
configure:5502: gfortran --version >&5
GNU Fortran (GCC) 4.8.5 20150623 (Red Hat 4.8.5-11)
Copyright (C) 2015 Free Software Foundation, Inc.

GNU Fortran comes with NO WARRANTY, to the extent permitted by law.
You may redistribute copies of GNU Fortran
under the terms of the GNU General Public License.
For more information about these matters, see the file named COPYING

configure:5513: $? = 0
configure:5502: gfortran -v >&5
Using built-in specs.
COLLECT_GCC=gfortran
COLLECT_LTO_WRAPPER=/usr/libexec/gcc/x86_64-redhat-linux/4.8.5/lto-wrapper
Target: x86_64-redhat-linux
Configured with: ../configure --prefix=/usr --mandir=/usr/share/man --infodir=/usr/share/info --with-bugurl=http://bugzilla.redhat.com/bugzilla --enable-bootstrap --enable-shared --enable-threads=posix --enable-checking=release --with-system-zlib --enable-__cxa_atexit --disable-libunwind-exceptions --enable-gnu-unique-object --enable-linker-build-id --with-linker-hash-style=gnu --enable-languages=c,c++,objc,obj-c++,java,fortran,ada,go,lto --enable-plugin --enable-initfini-array --disable-libgcj --with-isl=/builddir/build/BUILD/gcc-4.8.5-20150702/obj-x86_64-redhat-linux/isl-install --with-cloog=/builddir/build/BUILD/gcc-4.8.5-20150702/obj-x86_64-redhat-linux/cloog-install --enable-gnu-indirect-function --with-tune=generic --with-arch_32=x86-64 --build=x86_64-redhat-linux
Thread model: posix
gcc version 4.8.5 20150623 (Red Hat 4.8.5-11) (GCC) 
configure:5513: $? = 0
configure:5502: gfortran -V >&5
gfortran: error: unrecognized command line option '-V'
gfortran: fatal error: no input files
compilation terminated.
configure:5513: $? = 4
configure:5502: gfortran -qversion >&5
gfortran: error: unrecognized command line option '-qversion'
gfortran: fatal error: no input files
compilation terminated.
configure:5513: $? = 4
configure:5528: checking whether the Fortran 77 compiler works
configure:5550: gfortran   conftest.f  >&5
configure:5554: $? = 0
configure:5604: result: yes
configure:5607: checking for Fortran 77 compiler default output file name
configure:5609: result: a.out
configure:5615: checking for suffix of executables
configure:5622: gfortran -o conftest   conftest.f  >&5
configure:5626: $? = 0
configure:5650: result: 
configure:5666: checking whether we are cross compiling
configure:5674: gfortran -o conftest   conftest.f  >&5
configure:5678: $? = 0
configure:5685: ./conftest
configure:5689: $? = 0
configure:5707: result: no
configure:5712: checking for suffix of object files
configure:5728: gfortran -c  conftest.f >&5
configure:5732: $? = 0
configure:5755: result: o
configure:5763: checking whether we are using the GNU Fortran 77 compiler
configure:5776: gfortran -c  conftest.F >&5
configure:5776: $? = 0
configure:5785: result: yes
configure:5791: checking whether gfortran accepts -g
configure:5802: gfortran -c -g conftest.f >&5
configure:5802: $? = 0
configure:5810: result: yes
configure:5874: will now look for GNU compilers
configure:5881: cc is already a GNU C compiler
configure:5987: cc --version && cc -v
cc (GCC) 4.8.5 20150623 (Red Hat 4.8.5-11)
Copyright (C) 2015 Free Software Foundation, Inc.
This is free software; see the source for copying conditions.  There is NO
warranty; not even for MERCHANTABILITY or FITNESS FOR A PARTICULAR PURPOSE.

Using built-in specs.
COLLECT_GCC=cc
COLLECT_LTO_WRAPPER=/usr/libexec/gcc/x86_64-redhat-linux/4.8.5/lto-wrapper
Target: x86_64-redhat-linux
Configured with: ../configure --prefix=/usr --mandir=/usr/share/man --infodir=/usr/share/info --with-bugurl=http://bugzilla.redhat.com/bugzilla --enable-bootstrap --enable-shared --enable-threads=posix --enable-checking=release --with-system-zlib --enable-__cxa_atexit --disable-libunwind-exceptions --enable-gnu-unique-object --enable-linker-build-id --with-linker-hash-style=gnu --enable-languages=c,c++,objc,obj-c++,java,fortran,ada,go,lto --enable-plugin --enable-initfini-array --disable-libgcj --with-isl=/builddir/build/BUILD/gcc-4.8.5-20150702/obj-x86_64-redhat-linux/isl-install --with-cloog=/builddir/build/BUILD/gcc-4.8.5-20150702/obj-x86_64-redhat-linux/cloog-install --enable-gnu-indirect-function --with-tune=generic --with-arch_32=x86-64 --build=x86_64-redhat-linux
Thread model: posix
gcc version 4.8.5 20150623 (Red Hat 4.8.5-11) (GCC) 
configure:5990: $? = 0
configure:6005: c++ is already a GNU C++ compiler
configure:6112: c++ --version && c++ -v
c++ (GCC) 4.8.5 20150623 (Red Hat 4.8.5-11)
Copyright (C) 2015 Free Software Foundation, Inc.
This is free software; see the source for copying conditions.  There is NO
warranty; not even for MERCHANTABILITY or FITNESS FOR A PARTICULAR PURPOSE.

Using built-in specs.
COLLECT_GCC=c++
COLLECT_LTO_WRAPPER=/usr/libexec/gcc/x86_64-redhat-linux/4.8.5/lto-wrapper
Target: x86_64-redhat-linux
Configured with: ../configure --prefix=/usr --mandir=/usr/share/man --infodir=/usr/share/info --with-bugurl=http://bugzilla.redhat.com/bugzilla --enable-bootstrap --enable-shared --enable-threads=posix --enable-checking=release --with-system-zlib --enable-__cxa_atexit --disable-libunwind-exceptions --enable-gnu-unique-object --enable-linker-build-id --with-linker-hash-style=gnu --enable-languages=c,c++,objc,obj-c++,java,fortran,ada,go,lto --enable-plugin --enable-initfini-array --disable-libgcj --with-isl=/builddir/build/BUILD/gcc-4.8.5-20150702/obj-x86_64-redhat-linux/isl-install --with-cloog=/builddir/build/BUILD/gcc-4.8.5-20150702/obj-x86_64-redhat-linux/cloog-install --enable-gnu-indirect-function --with-tune=generic --with-arch_32=x86-64 --build=x86_64-redhat-linux
Thread model: posix
gcc version 4.8.5 20150623 (Red Hat 4.8.5-11) (GCC) 
configure:6115: $? = 0
configure:6130: f95 is already a GNU Fortran compiler
configure:6237: f95 --version && f95 -v
GNU Fortran (GCC) 4.8.5 20150623 (Red Hat 4.8.5-11)
Copyright (C) 2015 Free Software Foundation, Inc.

GNU Fortran comes with NO WARRANTY, to the extent permitted by law.
You may redistribute copies of GNU Fortran
under the terms of the GNU General Public License.
For more information about these matters, see the file named COPYING

Using built-in specs.
COLLECT_GCC=f95
COLLECT_LTO_WRAPPER=/usr/libexec/gcc/x86_64-redhat-linux/4.8.5/lto-wrapper
Target: x86_64-redhat-linux
Configured with: ../configure --prefix=/usr --mandir=/usr/share/man --infodir=/usr/share/info --with-bugurl=http://bugzilla.redhat.com/bugzilla --enable-bootstrap --enable-shared --enable-threads=posix --enable-checking=release --with-system-zlib --enable-__cxa_atexit --disable-libunwind-exceptions --enable-gnu-unique-object --enable-linker-build-id --with-linker-hash-style=gnu --enable-languages=c,c++,objc,obj-c++,java,fortran,ada,go,lto --enable-plugin --enable-initfini-array --disable-libgcj --with-isl=/builddir/build/BUILD/gcc-4.8.5-20150702/obj-x86_64-redhat-linux/isl-install --with-cloog=/builddir/build/BUILD/gcc-4.8.5-20150702/obj-x86_64-redhat-linux/cloog-install --enable-gnu-indirect-function --with-tune=generic --with-arch_32=x86-64 --build=x86_64-redhat-linux
Thread model: posix
gcc version 4.8.5 20150623 (Red Hat 4.8.5-11) (GCC) 
configure:6240: $? = 0
configure:6255: gfortran is already a GNU Fortran 77 compiler
configure:6362: gfortran --version && gfortran -v
GNU Fortran (GCC) 4.8.5 20150623 (Red Hat 4.8.5-11)
Copyright (C) 2015 Free Software Foundation, Inc.

GNU Fortran comes with NO WARRANTY, to the extent permitted by law.
You may redistribute copies of GNU Fortran
under the terms of the GNU General Public License.
For more information about these matters, see the file named COPYING

Using built-in specs.
COLLECT_GCC=gfortran
COLLECT_LTO_WRAPPER=/usr/libexec/gcc/x86_64-redhat-linux/4.8.5/lto-wrapper
Target: x86_64-redhat-linux
Configured with: ../configure --prefix=/usr --mandir=/usr/share/man --infodir=/usr/share/info --with-bugurl=http://bugzilla.redhat.com/bugzilla --enable-bootstrap --enable-shared --enable-threads=posix --enable-checking=release --with-system-zlib --enable-__cxa_atexit --disable-libunwind-exceptions --enable-gnu-unique-object --enable-linker-build-id --with-linker-hash-style=gnu --enable-languages=c,c++,objc,obj-c++,java,fortran,ada,go,lto --enable-plugin --enable-initfini-array --disable-libgcj --with-isl=/builddir/build/BUILD/gcc-4.8.5-20150702/obj-x86_64-redhat-linux/isl-install --with-cloog=/builddir/build/BUILD/gcc-4.8.5-20150702/obj-x86_64-redhat-linux/cloog-install --enable-gnu-indirect-function --with-tune=generic --with-arch_32=x86-64 --build=x86_64-redhat-linux
Thread model: posix
gcc version 4.8.5 20150623 (Red Hat 4.8.5-11) (GCC) 
configure:6365: $? = 0
configure:6428: checking for gcj
configure:6458: result: no
configure:6662: checking that generated files are newer than configure
configure:6668: result: done
configure:6683: creating ./config.status

## ---------------------- ##
## Running config.status. ##
## ---------------------- ##

This file was extended by GNU Automake config.status 1.14.1, which was
generated by GNU Autoconf 2.69.  Invocation command line was

  CONFIG_FILES    = 
  CONFIG_HEADERS  = 
  CONFIG_LINKS    = 
  CONFIG_COMMANDS = 
  $ ./config.status 

on dev1.fund

config.status:824: creating Makefile
config.status:824: creating t/wrap/aclocal-1.14
config.status:824: creating t/wrap/automake-1.14

## ---------------- ##
## Cache variables. ##
## ---------------- ##

ac_cv_AM_TEST_RUNNER_SHELL=/usr/bin/sh
ac_cv_build=x86_64-unknown-linux-gnu
ac_cv_c_compiler_gnu=yes
ac_cv_cxx_compiler_gnu=yes
ac_cv_env_AM_TEST_RUNNER_SHELL_set=
ac_cv_env_AM_TEST_RUNNER_SHELL_value=
ac_cv_env_CCC_set=
ac_cv_env_CCC_value=
ac_cv_env_CC_set=
ac_cv_env_CC_value=
ac_cv_env_CFLAGS_set=
ac_cv_env_CFLAGS_value=
ac_cv_env_CPPFLAGS_set=
ac_cv_env_CPPFLAGS_value=
ac_cv_env_CXXFLAGS_set=
ac_cv_env_CXXFLAGS_value=
ac_cv_env_CXX_set=
ac_cv_env_CXX_value=
ac_cv_env_F77_set=
ac_cv_env_F77_value=
ac_cv_env_FCFLAGS_set=
ac_cv_env_FCFLAGS_value=
ac_cv_env_FC_set=
ac_cv_env_FC_value=
ac_cv_env_FFLAGS_set=
ac_cv_env_FFLAGS_value=
ac_cv_env_GNU_CC_set=
ac_cv_env_GNU_CC_value=
ac_cv_env_GNU_CFLAGS_set=
ac_cv_env_GNU_CFLAGS_value=
ac_cv_env_GNU_CXXFLAGS_set=
ac_cv_env_GNU_CXXFLAGS_value=
ac_cv_env_GNU_CXX_set=
ac_cv_env_GNU_CXX_value=
ac_cv_env_GNU_F77_set=
ac_cv_env_GNU_F77_value=
ac_cv_env_GNU_FCFLAGS_set=
ac_cv_env_GNU_FCFLAGS_value=
ac_cv_env_GNU_FC_set=
ac_cv_env_GNU_FC_value=
ac_cv_env_GNU_FFLAGS_set=
ac_cv_env_GNU_FFLAGS_value=
ac_cv_env_GNU_GCJFLAGS_set=
ac_cv_env_GNU_GCJFLAGS_value=
ac_cv_env_GNU_GCJ_set=
ac_cv_env_GNU_GCJ_value=
ac_cv_env_LDFLAGS_set=
ac_cv_env_LDFLAGS_value=
ac_cv_env_LIBS_set=
ac_cv_env_LIBS_value=
ac_cv_env_build_alias_set=
ac_cv_env_build_alias_value=
ac_cv_env_host_alias_set=
ac_cv_env_host_alias_value=
ac_cv_env_target_alias_set=
ac_cv_env_target_alias_value=
ac_cv_f77_compiler_gnu=yes
ac_cv_fc_compiler_gnu=yes
ac_cv_host=x86_64-unknown-linux-gnu
ac_cv_path_EGREP='/usr/bin/grep -E'
ac_cv_path_FGREP='/usr/bin/grep -F'
ac_cv_path_GREP=/usr/bin/grep
ac_cv_path_PERL=/usr/bin/perl
ac_cv_path_install='/usr/bin/install -c'
ac_cv_path_mkdir=/usr/bin/mkdir
ac_cv_prog_AWK=gawk
ac_cv_prog_LEX=lex
ac_cv_prog_YACC=yacc
ac_cv_prog_ac_ct_CC=cc
ac_cv_prog_ac_ct_CXX=c++
ac_cv_prog_ac_ct_F77=gfortran
ac_cv_prog_ac_ct_FC=f95
ac_cv_prog_cc_c89=
ac_cv_prog_cc_g=yes
ac_cv_prog_cxx_g=yes
ac_cv_prog_f77_g=yes
ac_cv_prog_fc_g=yes
ac_cv_prog_make_make_set=yes
am_cv_autoconf_installed=yes
am_cv_autoconf_version=yes
am_cv_autoconf_works=yes
am_cv_make_support_nested_variables=yes
am_cv_prog_cc_c_o=yes
am_cv_prog_ln=ln

## ----------------- ##
## Output variables. ##
## ----------------- ##

ACLOCAL='"/data/home/wangli/sled/tools/automake-1.14.1/t/wrap/aclocal-1.14"'
AMTAR='$${TAR-tar}'
AM_BACKSLASH='\'
AM_DEFAULT_V='$(AM_DEFAULT_VERBOSITY)'
AM_DEFAULT_VERBOSITY='0'
AM_TEST_RUNNER_SHELL='/usr/bin/sh'
AM_V='$(V)'
APIVERSION='1.14'
AUTOCONF='${SHELL} /data/home/wangli/sled/tools/automake-1.14.1/lib/missing autoconf'
AUTOHEADER='${SHELL} /data/home/wangli/sled/tools/automake-1.14.1/lib/missing autoheader'
AUTOMAKE='"/data/home/wangli/sled/tools/automake-1.14.1/t/wrap/automake-1.14"'
AWK='gawk'
CC='cc'
CFLAGS='-g -O2'
CPPFLAGS=''
CXX='c++'
CXXFLAGS='-g -O2'
CYGPATH_W='echo'
DEFS='-DPACKAGE_NAME=\"GNU\ Automake\" -DPACKAGE_TARNAME=\"automake\" -DPACKAGE_VERSION=\"1.14.1\" -DPACKAGE_STRING=\"GNU\ Automake\ 1.14.1\" -DPACKAGE_BUGREPORT=\"bug-automake@gnu.org\" -DPACKAGE_URL=\"http://www.gnu.org/software/automake/\"'
ECHO_C=''
ECHO_N='-n'
ECHO_T=''
EGREP='/usr/bin/grep -E'
EXEEXT='UNKNOWN'
F77='gfortran'
FC='f95'
FCFLAGS='-g -O2'
FFLAGS='-g -O2'
FGREP='/usr/bin/grep -F'
GNU_CC='cc'
GNU_CFLAGS='-g -O2'
GNU_CXX='c++'
GNU_CXXFLAGS='-g -O2'
GNU_F77='gfortran'
GNU_FC='f95'
GNU_FCFLAGS='-g -O2'
GNU_FFLAGS='-g -O2'
GNU_GCJ='false'
GNU_GCJFLAGS=''
GREP='/usr/bin/grep'
INSTALL_DATA='${INSTALL} -m 644'
INSTALL_PROGRAM='${INSTALL}'
INSTALL_SCRIPT='${INSTALL}'
INSTALL_STRIP_PROGRAM='$(install_sh) -c -s'
LDFLAGS=''
LEX='lex'
LIBOBJS=''
LIBS=''
LN='ln'
LN_S='ln -s'
LTLIBOBJS=''
MAKEINFO='${SHELL} /data/home/wangli/sled/tools/automake-1.14.1/lib/missing makeinfo'
MKDIR_P='/usr/bin/mkdir -p'
MODIFICATION_DELAY='2'
OBJEXT='UNKNOWN'
PACKAGE='automake'
PACKAGE_BUGREPORT='bug-automake@gnu.org'
PACKAGE_NAME='GNU Automake'
PACKAGE_STRING='GNU Automake 1.14.1'
PACKAGE_TARNAME='automake'
PACKAGE_URL='http://www.gnu.org/software/automake/'
PACKAGE_VERSION='1.14.1'
PATH_SEPARATOR=':'
PERL='/usr/bin/perl'
RELEASE_YEAR='2013'
SET_MAKE=''
SHELL='/bin/sh'
STRIP=''
TEX=''
VERSION='1.14.1'
YACC='yacc'
ac_ct_CC='cc'
ac_ct_CXX='c++'
ac_ct_F77='gfortran'
ac_ct_FC='f95'
ac_ct_GNU_CC=''
ac_ct_GNU_CXX=''
ac_ct_GNU_F77=''
ac_ct_GNU_FC=''
ac_ct_GNU_GCJ=''
am_AUTOCONF='autoconf'
am_AUTOHEADER='autoheader'
am_AUTOM4TE='autom4te'
am_AUTORECONF='autoreconf'
am_AUTOUPDATE='autoupdate'
am__EXEEXT_FALSE='#'
am__EXEEXT_TRUE=''
am__isrc=''
am__leading_dot='.'
am__tar='$${TAR-tar} chof - "$$tardir"'
am__untar='$${TAR-tar} xf -'
am_candidate_sh=''
amdir='${pkgvdatadir}/am'
automake_acdir='${datadir}/aclocal-1.14'
bindir='${exec_prefix}/bin'
build='x86_64-unknown-linux-gnu'
build_alias=''
build_cpu='x86_64'
build_os='linux-gnu'
build_vendor='unknown'
datadir='${datarootdir}'
datarootdir='${prefix}/share'
docdir='${datarootdir}/doc/${PACKAGE_TARNAME}'
dvidir='${docdir}'
exec_prefix='${prefix}'
host='x86_64-unknown-linux-gnu'
host_alias=''
host_cpu='x86_64'
host_os='linux-gnu'
host_vendor='unknown'
htmldir='${docdir}'
includedir='${prefix}/include'
infodir='${datarootdir}/info'
install_sh='${SHELL} /data/home/wangli/sled/tools/automake-1.14.1/lib/install-sh'
libdir='${exec_prefix}/lib'
libexecdir='${exec_prefix}/libexec'
localedir='${datarootdir}/locale'
localstatedir='${prefix}/var'
mandir='${datarootdir}/man'
mkdir_p='$(MKDIR_P)'
oldincludedir='/usr/include'
pdfdir='${docdir}'
pkgvdatadir='${datadir}/automake-1.14'
prefix='/data/home/wangli/sled/.bin/automake'
program_transform_name='s,x,x,'
psdir='${docdir}'
required_autoconf_version='2.65'
sbindir='${exec_prefix}/sbin'
scriptdir='${pkgvdatadir}'
sharedstatedir='${prefix}/com'
sysconfdir='${prefix}/etc'
system_acdir='${datadir}/aclocal'
target_alias=''

## ----------- ##
## confdefs.h. ##
## ----------- ##

/* confdefs.h */
#define PACKAGE_NAME "GNU Automake"
#define PACKAGE_TARNAME "automake"
#define PACKAGE_VERSION "1.14.1"
#define PACKAGE_STRING "GNU Automake 1.14.1"
#define PACKAGE_BUGREPORT "bug-automake@gnu.org"
#define PACKAGE_URL "http://www.gnu.org/software/automake/"

configure: exit 0

## ---------------------- ##
## Running config.status. ##
## ---------------------- ##

This file was extended by GNU Automake config.status 1.14.1, which was
generated by GNU Autoconf 2.69.  Invocation command line was

  CONFIG_FILES    = 
  CONFIG_HEADERS  = 
  CONFIG_LINKS    = 
  CONFIG_COMMANDS = 
  $ ./config.status --file=-

on dev1.fund


## ---------------------- ##
## Running config.status. ##
## ---------------------- ##

This file was extended by GNU Automake config.status 1.14.1, which was
generated by GNU Autoconf 2.69.  Invocation command line was

  CONFIG_FILES    = 
  CONFIG_HEADERS  = 
  CONFIG_LINKS    = 
  CONFIG_COMMANDS = 
  $ ./config.status --file=-

on dev1.fund


## ---------------------- ##
## Running config.status. ##
## ---------------------- ##

This file was extended by GNU Automake config.status 1.14.1, which was
generated by GNU Autoconf 2.69.  Invocation command line was

  CONFIG_FILES    = 
  CONFIG_HEADERS  = 
  CONFIG_LINKS    = 
  CONFIG_COMMANDS = 
  $ ./config.status --file=-

on dev1.fund


## ---------------------- ##
## Running config.status. ##
## ---------------------- ##

This file was extended by GNU Automake config.status 1.14.1, which was
generated by GNU Autoconf 2.69.  Invocation command line was

  CONFIG_FILES    = 
  CONFIG_HEADERS  = 
  CONFIG_LINKS    = 
  CONFIG_COMMANDS = 
  $ ./config.status --file=-

on dev1.fund


## ---------------------- ##
## Running config.status. ##
## ---------------------- ##

This file was extended by GNU Automake config.status 1.14.1, which was
generated by GNU Autoconf 2.69.  Invocation command line was

  CONFIG_FILES    = 
  CONFIG_HEADERS  = 
  CONFIG_LINKS    = 
  CONFIG_COMMANDS = 
  $ ./config.status --file=-

on dev1.fund


## ---------------------- ##
## Running config.status. ##
## ---------------------- ##

This file was extended by GNU Automake config.status 1.14.1, which was
generated by GNU Autoconf 2.69.  Invocation command line was

  CONFIG_FILES    = 
  CONFIG_HEADERS  = 
  CONFIG_LINKS    = 
  CONFIG_COMMANDS = 
  $ ./config.status --file=-

on dev1.fund


## ---------------------- ##
## Running config.status. ##
## ---------------------- ##

This file was extended by GNU Automake config.status 1.14.1, which was
generated by GNU Autoconf 2.69.  Invocation command line was

  CONFIG_FILES    = 
  CONFIG_HEADERS  = 
  CONFIG_LINKS    = 
  CONFIG_COMMANDS = 
  $ ./config.status --file=-

on dev1.fund

